<?xml version="1.0" encoding="UTF-8"?>
<!-- Generated by org.testng.reporters.JUnitXMLReporter -->
<testsuite ignored="0" hostname="DESKTOP-MTBC2DO" failures="0" tests="5" name="Opencart LoginPage Test" time="74.052" errors="0" timestamp="2022-11-25T06:35:12 IST">
  <testcase classname="com.qa.opencart.test.LoginPageTest" name="loginPageTitleTest" time="0.981"/>
  <testcase classname="com.qa.opencart.test.LoginPageTest" name="loginPageUrlTest" time="0.325"/>
  <testcase classname="com.qa.opencart.test.LoginPageTest" name="forgotPwdLinkTest" time="1.64"/>
  <testcase classname="com.qa.opencart.test.LoginPageTest" name="registerLinkTest" time="0.44"/>
  <testcase classname="com.qa.opencart.test.LoginPageTest" name="loginTest" time="17.079"/>
</testsuite> <!-- Opencart LoginPage Test -->
