<?xml version="1.0" encoding="UTF-8"?>
<!-- Generated by org.testng.reporters.JUnitXMLReporter -->
<testsuite ignored="0" hostname="DESKTOP-MTBC2DO" failures="0" tests="11" name="Opencart AccountsPage Test" time="301.418" errors="0" timestamp="2022-11-25T06:38:59 IST">
  <testcase classname="com.qa.opencart.test.AccountsPageTest" name="accPageTitleTest" time="0.161"/>
  <testcase classname="com.qa.opencart.test.AccountsPageTest" name="accPageHeaderTest" time="1.201"/>
  <testcase classname="com.qa.opencart.test.AccountsPageTest" name="isLogoutExistTest" time="1.112"/>
  <testcase classname="com.qa.opencart.test.AccountsPageTest" name="accPageSectionTest" time="7.729"/>
  <testcase classname="com.qa.opencart.test.AccountsPageTest" name="searchTest" time="8.904"/>
  <testcase classname="com.qa.opencart.test.AccountsPageTest" name="searchTest" time="12.472"/>
  <testcase classname="com.qa.opencart.test.AccountsPageTest" name="searchTest" time="30.824"/>
  <testcase classname="com.qa.opencart.test.AccountsPageTest" name="selectProductTest" time="116.681"/>
  <testcase classname="com.qa.opencart.test.AccountsPageTest" name="selectProductTest" time="23.48"/>
  <testcase classname="com.qa.opencart.test.AccountsPageTest" name="selectProductTest" time="16.809"/>
  <testcase classname="com.qa.opencart.test.AccountsPageTest" name="selectProductTest" time="12.958"/>
</testsuite> <!-- Opencart AccountsPage Test -->
