<?xml version="1.0" encoding="UTF-8"?>
<!-- Generated by org.testng.reporters.JUnitXMLReporter -->
<testsuite ignored="0" hostname="DESKTOP-MTBC2DO" failures="0" tests="3" name="Opencart ProductInfoPage Test" time="284.874" errors="0" timestamp="2022-11-25T06:38:43 IST">
  <testcase classname="com.qa.opencart.test.ProductInfoPageTest" name="productHeaderTest" time="109.747"/>
  <testcase classname="com.qa.opencart.test.ProductInfoPageTest" name="productImagesCountTest" time="91.694"/>
  <testcase classname="com.qa.opencart.test.ProductInfoPageTest" name="productInfoTest" time="24.061"/>
</testsuite> <!-- Opencart ProductInfoPage Test -->
