<?xml version="1.0" encoding="UTF-8"?>
<testng-results ignored="0" total="20" passed="20" failed="0" skipped="0">
  <reporter-output>
  </reporter-output>
  <suite started-at="2022-11-25T06:33:58 IST" name="Open cart test Suite" finished-at="2022-11-25T06:38:59 IST" duration-ms="301457">
    <groups>
    </groups>
    <test started-at="2022-11-25T06:33:58 IST" name="Opencart LoginPage Test" finished-at="2022-11-25T06:35:12 IST" duration-ms="74052">
      <class name="com.qa.opencart.test.LoginPageTest">
        <test-method is-config="true" signature="setup()[pri:0, instance:com.qa.opencart.test.LoginPageTest@1623134f]" started-at="2022-11-25T06:33:58 IST" name="setup" finished-at="2022-11-25T06:34:50 IST" duration-ms="51437" status="PASS">
          <reporter-output>
          </reporter-output>
        </test-method> <!-- setup -->
        <test-method signature="loginPageTitleTest()[pri:1, instance:com.qa.opencart.test.LoginPageTest@1623134f]" started-at="2022-11-25T06:34:50 IST" name="loginPageTitleTest" finished-at="2022-11-25T06:34:51 IST" duration-ms="981" status="PASS">
          <reporter-output>
          </reporter-output>
        </test-method> <!-- loginPageTitleTest -->
        <test-method signature="loginPageUrlTest()[pri:2, instance:com.qa.opencart.test.LoginPageTest@1623134f]" started-at="2022-11-25T06:34:52 IST" name="loginPageUrlTest" finished-at="2022-11-25T06:34:53 IST" duration-ms="325" status="PASS">
          <reporter-output>
          </reporter-output>
        </test-method> <!-- loginPageUrlTest -->
        <test-method signature="forgotPwdLinkTest()[pri:3, instance:com.qa.opencart.test.LoginPageTest@1623134f]" started-at="2022-11-25T06:34:53 IST" name="forgotPwdLinkTest" finished-at="2022-11-25T06:34:54 IST" duration-ms="1640" status="PASS">
          <reporter-output>
          </reporter-output>
        </test-method> <!-- forgotPwdLinkTest -->
        <test-method signature="registerLinkTest()[pri:4, instance:com.qa.opencart.test.LoginPageTest@1623134f]" started-at="2022-11-25T06:34:54 IST" name="registerLinkTest" finished-at="2022-11-25T06:34:55 IST" duration-ms="440" status="PASS">
          <reporter-output>
          </reporter-output>
        </test-method> <!-- registerLinkTest -->
        <test-method signature="loginTest()[pri:5, instance:com.qa.opencart.test.LoginPageTest@1623134f]" started-at="2022-11-25T06:34:55 IST" name="loginTest" finished-at="2022-11-25T06:35:12 IST" duration-ms="17079" status="PASS">
          <reporter-output>
          </reporter-output>
        </test-method> <!-- loginTest -->
        <test-method is-config="true" signature="tearDown()[pri:0, instance:com.qa.opencart.test.LoginPageTest@1623134f]" started-at="2022-11-25T06:35:12 IST" name="tearDown" finished-at="2022-11-25T06:35:12 IST" duration-ms="5" status="PASS">
          <reporter-output>
          </reporter-output>
        </test-method> <!-- tearDown -->
      </class> <!-- com.qa.opencart.test.LoginPageTest -->
    </test> <!-- Opencart LoginPage Test -->
    <test started-at="2022-11-25T06:35:17 IST" name="Opencart RegistrationPage Test" finished-at="2022-11-25T06:37:26 IST" duration-ms="128634">
      <class name="com.qa.opencart.test.RegistrationPageTest">
        <test-method is-config="true" signature="setup()[pri:0, instance:com.qa.opencart.test.RegistrationPageTest@64df9a61]" started-at="2022-11-25T06:35:17 IST" name="setup" finished-at="2022-11-25T06:35:43 IST" duration-ms="25289" status="PASS">
          <reporter-output>
          </reporter-output>
        </test-method> <!-- setup -->
        <test-method is-config="true" signature="setupRegistration()[pri:0, instance:com.qa.opencart.test.RegistrationPageTest@64df9a61]" started-at="2022-11-25T06:35:43 IST" name="setupRegistration" finished-at="2022-11-25T06:35:50 IST" duration-ms="7243" status="PASS">
          <reporter-output>
          </reporter-output>
        </test-method> <!-- setupRegistration -->
        <test-method signature="userRegistrationTest()[pri:0, instance:com.qa.opencart.test.RegistrationPageTest@64df9a61]" started-at="2022-11-25T06:35:50 IST" name="userRegistrationTest" finished-at="2022-11-25T06:37:26 IST" duration-ms="96016" status="PASS">
          <reporter-output>
          </reporter-output>
        </test-method> <!-- userRegistrationTest -->
        <test-method is-config="true" signature="tearDown()[pri:0, instance:com.qa.opencart.test.RegistrationPageTest@64df9a61]" started-at="2022-11-25T06:37:26 IST" name="tearDown" finished-at="2022-11-25T06:37:26 IST" duration-ms="5" status="PASS">
          <reporter-output>
          </reporter-output>
        </test-method> <!-- tearDown -->
      </class> <!-- com.qa.opencart.test.RegistrationPageTest -->
    </test> <!-- Opencart RegistrationPage Test -->
    <test started-at="2022-11-25T06:33:58 IST" name="Opencart ProductInfoPage Test" finished-at="2022-11-25T06:38:43 IST" duration-ms="284874">
      <class name="com.qa.opencart.test.ProductInfoPageTest">
        <test-method is-config="true" signature="setup()[pri:0, instance:com.qa.opencart.test.ProductInfoPageTest@1de5f0ef]" started-at="2022-11-25T06:33:58 IST" name="setup" finished-at="2022-11-25T06:34:50 IST" duration-ms="51725" status="PASS">
          <reporter-output>
          </reporter-output>
        </test-method> <!-- setup -->
        <test-method is-config="true" signature="productInfoSetup()[pri:0, instance:com.qa.opencart.test.ProductInfoPageTest@1de5f0ef]" started-at="2022-11-25T06:34:50 IST" name="productInfoSetup" finished-at="2022-11-25T06:34:57 IST" duration-ms="7292" status="PASS">
          <reporter-output>
          </reporter-output>
        </test-method> <!-- productInfoSetup -->
        <test-method signature="productHeaderTest()[pri:1, instance:com.qa.opencart.test.ProductInfoPageTest@1de5f0ef]" started-at="2022-11-25T06:34:57 IST" name="productHeaderTest" finished-at="2022-11-25T06:36:47 IST" duration-ms="109747" status="PASS">
          <reporter-output>
          </reporter-output>
        </test-method> <!-- productHeaderTest -->
        <test-method signature="productImagesCountTest()[pri:2, instance:com.qa.opencart.test.ProductInfoPageTest@1de5f0ef]" started-at="2022-11-25T06:36:47 IST" name="productImagesCountTest" finished-at="2022-11-25T06:38:19 IST" duration-ms="91694" status="PASS">
          <reporter-output>
          </reporter-output>
        </test-method> <!-- productImagesCountTest -->
        <test-method signature="productInfoTest()[pri:3, instance:com.qa.opencart.test.ProductInfoPageTest@1de5f0ef]" started-at="2022-11-25T06:38:19 IST" name="productInfoTest" finished-at="2022-11-25T06:38:43 IST" duration-ms="24061" status="PASS">
          <reporter-output>
          </reporter-output>
        </test-method> <!-- productInfoTest -->
        <test-method is-config="true" signature="tearDown()[pri:0, instance:com.qa.opencart.test.ProductInfoPageTest@1de5f0ef]" started-at="2022-11-25T06:38:43 IST" name="tearDown" finished-at="2022-11-25T06:38:43 IST" duration-ms="1" status="PASS">
          <reporter-output>
          </reporter-output>
        </test-method> <!-- tearDown -->
      </class> <!-- com.qa.opencart.test.ProductInfoPageTest -->
    </test> <!-- Opencart ProductInfoPage Test -->
    <test started-at="2022-11-25T06:33:58 IST" name="Opencart AccountsPage Test" finished-at="2022-11-25T06:38:59 IST" duration-ms="301418">
      <class name="com.qa.opencart.test.AccountsPageTest">
        <test-method is-config="true" signature="setup()[pri:0, instance:com.qa.opencart.test.AccountsPageTest@1bc715b8]" started-at="2022-11-25T06:33:58 IST" name="setup" finished-at="2022-11-25T06:34:50 IST" duration-ms="52155" status="PASS">
          <reporter-output>
          </reporter-output>
        </test-method> <!-- setup -->
        <test-method is-config="true" signature="accPageSetUp()[pri:0, instance:com.qa.opencart.test.AccountsPageTest@1bc715b8]" started-at="2022-11-25T06:34:50 IST" name="accPageSetUp" finished-at="2022-11-25T06:35:04 IST" duration-ms="13740" status="PASS">
          <reporter-output>
          </reporter-output>
        </test-method> <!-- accPageSetUp -->
        <test-method signature="accPageTitleTest()[pri:1, instance:com.qa.opencart.test.AccountsPageTest@1bc715b8]" started-at="2022-11-25T06:35:04 IST" name="accPageTitleTest" finished-at="2022-11-25T06:35:04 IST" duration-ms="161" status="PASS">
          <reporter-output>
          </reporter-output>
        </test-method> <!-- accPageTitleTest -->
        <test-method signature="accPageHeaderTest()[pri:2, instance:com.qa.opencart.test.AccountsPageTest@1bc715b8]" started-at="2022-11-25T06:35:04 IST" name="accPageHeaderTest" finished-at="2022-11-25T06:35:05 IST" duration-ms="1201" status="PASS">
          <reporter-output>
          </reporter-output>
        </test-method> <!-- accPageHeaderTest -->
        <test-method signature="isLogoutExistTest()[pri:3, instance:com.qa.opencart.test.AccountsPageTest@1bc715b8]" started-at="2022-11-25T06:35:05 IST" name="isLogoutExistTest" finished-at="2022-11-25T06:35:07 IST" duration-ms="1112" status="PASS">
          <reporter-output>
          </reporter-output>
        </test-method> <!-- isLogoutExistTest -->
        <test-method signature="accPageSectionTest()[pri:4, instance:com.qa.opencart.test.AccountsPageTest@1bc715b8]" started-at="2022-11-25T06:35:07 IST" name="accPageSectionTest" finished-at="2022-11-25T06:35:14 IST" duration-ms="7729" status="PASS">
          <reporter-output>
          </reporter-output>
        </test-method> <!-- accPageSectionTest -->
        <test-method signature="searchTest(java.lang.String)[pri:5, instance:com.qa.opencart.test.AccountsPageTest@1bc715b8]" started-at="2022-11-25T06:35:17 IST" name="searchTest" data-provider="productData" finished-at="2022-11-25T06:35:26 IST" duration-ms="8904" status="PASS">
          <params>
            <param index="0">
              <value>
                <![CDATA[MacBook Pro]]>
              </value>
            </param>
          </params>
          <reporter-output>
          </reporter-output>
        </test-method> <!-- searchTest -->
        <test-method signature="searchTest(java.lang.String)[pri:5, instance:com.qa.opencart.test.AccountsPageTest@1bc715b8]" started-at="2022-11-25T06:35:26 IST" name="searchTest" data-provider="productData" finished-at="2022-11-25T06:35:38 IST" duration-ms="12472" status="PASS">
          <params>
            <param index="0">
              <value>
                <![CDATA[Apple]]>
              </value>
            </param>
          </params>
          <reporter-output>
          </reporter-output>
        </test-method> <!-- searchTest -->
        <test-method signature="searchTest(java.lang.String)[pri:5, instance:com.qa.opencart.test.AccountsPageTest@1bc715b8]" started-at="2022-11-25T06:35:38 IST" name="searchTest" data-provider="productData" finished-at="2022-11-25T06:36:09 IST" duration-ms="30824" status="PASS">
          <params>
            <param index="0">
              <value>
                <![CDATA[Samsung]]>
              </value>
            </param>
          </params>
          <reporter-output>
          </reporter-output>
        </test-method> <!-- searchTest -->
        <test-method signature="selectProductTest(java.lang.String,java.lang.String)[pri:6, instance:com.qa.opencart.test.AccountsPageTest@1bc715b8]" started-at="2022-11-25T06:36:09 IST" name="selectProductTest" data-provider="productSelectData" finished-at="2022-11-25T06:38:06 IST" duration-ms="116681" status="PASS">
          <params>
            <param index="0">
              <value>
                <![CDATA[MacBook]]>
              </value>
            </param>
            <param index="1">
              <value>
                <![CDATA[MacBook Pro]]>
              </value>
            </param>
          </params>
          <reporter-output>
          </reporter-output>
        </test-method> <!-- selectProductTest -->
        <test-method signature="selectProductTest(java.lang.String,java.lang.String)[pri:6, instance:com.qa.opencart.test.AccountsPageTest@1bc715b8]" started-at="2022-11-25T06:38:06 IST" name="selectProductTest" data-provider="productSelectData" finished-at="2022-11-25T06:38:29 IST" duration-ms="23480" status="PASS">
          <params>
            <param index="0">
              <value>
                <![CDATA[iMac]]>
              </value>
            </param>
            <param index="1">
              <value>
                <![CDATA[iMac]]>
              </value>
            </param>
          </params>
          <reporter-output>
          </reporter-output>
        </test-method> <!-- selectProductTest -->
        <test-method signature="selectProductTest(java.lang.String,java.lang.String)[pri:6, instance:com.qa.opencart.test.AccountsPageTest@1bc715b8]" started-at="2022-11-25T06:38:29 IST" name="selectProductTest" data-provider="productSelectData" finished-at="2022-11-25T06:38:46 IST" duration-ms="16809" status="PASS">
          <params>
            <param index="0">
              <value>
                <![CDATA[Samsung]]>
              </value>
            </param>
            <param index="1">
              <value>
                <![CDATA[Samsung Galaxy Tab 10.1]]>
              </value>
            </param>
          </params>
          <reporter-output>
          </reporter-output>
        </test-method> <!-- selectProductTest -->
        <test-method signature="selectProductTest(java.lang.String,java.lang.String)[pri:6, instance:com.qa.opencart.test.AccountsPageTest@1bc715b8]" started-at="2022-11-25T06:38:46 IST" name="selectProductTest" data-provider="productSelectData" finished-at="2022-11-25T06:38:59 IST" duration-ms="12958" status="PASS">
          <params>
            <param index="0">
              <value>
                <![CDATA[Apple]]>
              </value>
            </param>
            <param index="1">
              <value>
                <![CDATA[Apple Cinema 30"]]>
              </value>
            </param>
          </params>
          <reporter-output>
          </reporter-output>
        </test-method> <!-- selectProductTest -->
        <test-method is-config="true" signature="tearDown()[pri:0, instance:com.qa.opencart.test.AccountsPageTest@1bc715b8]" started-at="2022-11-25T06:38:59 IST" name="tearDown" finished-at="2022-11-25T06:38:59 IST" duration-ms="2" status="PASS">
          <reporter-output>
          </reporter-output>
        </test-method> <!-- tearDown -->
      </class> <!-- com.qa.opencart.test.AccountsPageTest -->
    </test> <!-- Opencart AccountsPage Test -->
  </suite> <!-- Open cart test Suite -->
</testng-results>
